<?xml version="1.0" encoding="UTF-8"?>
<!-- Generated by org.testng.reporters.JUnitReportReporter -->
<testsuite hostname="Shruti-Agrawals-MBPr.local" failures="0" tests="1" name="screenShot" time="8.823" errors="0" timestamp="17 Sep 2018 00:55:50 GMT" skipped="0">
  <testcase classname="screenShot" name="captureScreenshot" time="8.823"/>
</testsuite> <!-- screenShot -->
