<?xml version="1.0" encoding="UTF-8"?>
<!-- Generated by org.testng.reporters.JUnitReportReporter -->
<testsuite hostname="Shruti-Agrawals-MBPr.local" failures="0" tests="2" name="Portal.pickup" time="9.897" errors="0" timestamp="19 Sep 2018 19:46:08 GMT" skipped="0">
  <testcase classname="Portal.pickup" name="demo" time="3.426"/>
  <testcase classname="Portal.pickup" name="subscriptionPickup" time="6.471"/>
</testsuite> <!-- Portal.pickup -->
